<?xml version="1.0" encoding="UTF-8"?>
<!-- Generated by org.testng.reporters.JUnitReportReporter -->
<testsuite name="hybridFramework.uiautomation.uiactions.Productpage" tests="2" time="4.308" ignored="0" failures="0" timestamp="06 Nov 2017 13:51:19 GMT" skipped="0" hostname="HP-PC" errors="0">
  <testcase name="getnoofproducts" time="2.547" classname="hybridFramework.uiautomation.uiactions.Productpage"/>
  <testcase name="selectproduct" time="1.761" classname="hybridFramework.uiautomation.uiactions.Productpage"/>
</testsuite> <!-- hybridFramework.uiautomation.uiactions.Productpage -->
