<?xml version="1.0" encoding="UTF-8"?>
<!-- Generated by org.testng.reporters.JUnitReportReporter -->
<testsuite name="hybridFramework.uiautomation.loginpage.TC001" tests="2" time="12.037" ignored="0" failures="0" timestamp="09 Nov 2017 16:00:11 GMT" skipped="1" hostname="HP-PC" errors="0">
  <testcase name="logintosite" time="1.068" classname="hybridFramework.uiautomation.loginpage.TC001">
    <skipped/>
  </testcase> <!-- logintosite -->
  <testcase name="logintosite" time="10.969" classname="hybridFramework.uiautomation.loginpage.TC001"/>
</testsuite> <!-- hybridFramework.uiautomation.loginpage.TC001 -->
