<?xml version="1.0" encoding="UTF-8"?>
<!-- Generated by org.testng.reporters.JUnitReportReporter -->
<testsuite name="hybridFramework.uiautomation.loginpage.TC001" tests="2" time="14.288" ignored="0" failures="0" timestamp="01 Nov 2017 18:23:15 GMT" skipped="0" hostname="HP-PC" errors="0">
  <testcase name="logintosite" time="6.269" classname="hybridFramework.uiautomation.loginpage.TC001"/>
  <testcase name="logintosite" time="8.019" classname="hybridFramework.uiautomation.loginpage.TC001"/>
</testsuite> <!-- hybridFramework.uiautomation.loginpage.TC001 -->
