<?xml version="1.0" encoding="UTF-8"?>
<!-- Generated by org.testng.reporters.JUnitReportReporter -->
<testsuite name="hybridFramework.uiautomation.uiactions.Productpage" tests="1" time="2.429" ignored="0" failures="0" timestamp="01 Nov 2017 08:20:19 GMT" skipped="0" hostname="HP-PC" errors="0">
  <testcase name="chechknoofproducts" time="2.429" classname="hybridFramework.uiautomation.uiactions.Productpage"/>
</testsuite> <!-- hybridFramework.uiautomation.uiactions.Productpage -->
