<?xml version="1.0" encoding="UTF-8"?>
<!-- Generated by org.testng.reporters.JUnitReportReporter -->
<testsuite name="hybridFramework.uiautomation.registrationpage.TC003" tests="1" time="33.962" ignored="0" failures="0" timestamp="31 Oct 2017 20:00:22 GMT" skipped="0" hostname="HP-PC" errors="0">
  <testcase name="registrationPage" time="33.962" classname="hybridFramework.uiautomation.registrationpage.TC003"/>
</testsuite> <!-- hybridFramework.uiautomation.registrationpage.TC003 -->
