<?xml version="1.0" encoding="UTF-8"?>
<!-- Generated by org.testng.reporters.JUnitReportReporter -->
<testsuite name="hybridFramework.uiautomation.loginpage.TC001" tests="2" time="13.006" ignored="0" failures="0" timestamp="01 Nov 2017 10:21:18 GMT" skipped="0" hostname="HP-PC" errors="0">
  <testcase name="logintosite" time="5.926" classname="hybridFramework.uiautomation.loginpage.TC001"/>
  <testcase name="logintosite" time="7.080" classname="hybridFramework.uiautomation.loginpage.TC001"/>
</testsuite> <!-- hybridFramework.uiautomation.loginpage.TC001 -->
