<?xml version="1.0" encoding="UTF-8"?>
<!-- Generated by org.testng.reporters.JUnitReportReporter -->
<testsuite name="hybridFramework.uiautomation.uiactions.Homepage" tests="1" time="4.856" ignored="0" failures="0" timestamp="01 Nov 2017 07:46:32 GMT" skipped="0" hostname="HP-PC" errors="0">
  <testcase name="womenproductselection" time="4.856" classname="hybridFramework.uiautomation.uiactions.Homepage"/>
</testsuite> <!-- hybridFramework.uiautomation.uiactions.Homepage -->
