<?xml version="1.0" encoding="UTF-8"?>
<!-- Generated by org.testng.reporters.JUnitReportReporter -->
<testsuite name="hybridFramework.uiautomation.productpage.TC001_SelectProduct" tests="9" time="11.396" ignored="0" failures="0" timestamp="06 Nov 2017 14:20:13 GMT" skipped="7" hostname="HP-PC" errors="0">
  <testcase name="productdetails" time="0.001" classname="hybridFramework.uiautomation.productpage.TC001_SelectProduct">
    <skipped/>
  </testcase> <!-- productdetails -->
  <testcase name="productdetails" time="6.042" classname="hybridFramework.uiautomation.productpage.TC001_SelectProduct"/>
  <testcase name="productdetails" time="0.002" classname="hybridFramework.uiautomation.productpage.TC001_SelectProduct">
    <skipped/>
  </testcase> <!-- productdetails -->
  <testcase name="productdetails" time="0.002" classname="hybridFramework.uiautomation.productpage.TC001_SelectProduct">
    <skipped/>
  </testcase> <!-- productdetails -->
  <testcase name="logintowebsite" time="5.341" classname="hybridFramework.uiautomation.productpage.TC001_SelectProduct"/>
  <testcase name="productdetails" time="0.002" classname="hybridFramework.uiautomation.productpage.TC001_SelectProduct">
    <skipped/>
  </testcase> <!-- productdetails -->
  <testcase name="logintowebsite" time="0.002" classname="hybridFramework.uiautomation.productpage.TC001_SelectProduct">
    <skipped/>
  </testcase> <!-- logintowebsite -->
  <testcase name="productdetails" time="0.002" classname="hybridFramework.uiautomation.productpage.TC001_SelectProduct">
    <skipped/>
  </testcase> <!-- productdetails -->
  <testcase name="productdetails" time="0.002" classname="hybridFramework.uiautomation.productpage.TC001_SelectProduct">
    <skipped/>
  </testcase> <!-- productdetails -->
</testsuite> <!-- hybridFramework.uiautomation.productpage.TC001_SelectProduct -->
