<?xml version="1.0" encoding="UTF-8"?>
<!-- Generated by org.testng.reporters.JUnitReportReporter -->
<testsuite name="hybridFramework.uiautomation.registrationpage.TC003" tests="1" time="20.261" ignored="0" failures="0" timestamp="09 Nov 2017 16:00:11 GMT" skipped="0" hostname="HP-PC" errors="0">
  <testcase name="registrationPage" time="20.261" classname="hybridFramework.uiautomation.registrationpage.TC003"/>
</testsuite> <!-- hybridFramework.uiautomation.registrationpage.TC003 -->
